[2021-04-17 00:29:07.986] [exthost] [info] extension host started
[2021-04-17 00:29:08.124] [exthost] [info] ExtensionService#_doActivateExtension aaron-bond.better-comments {"startup":false,"extensionId":{"value":"aaron-bond.better-comments","_lower":"aaron-bond.better-comments"},"activationEvent":"onLanguage:plaintext"}
[2021-04-17 00:29:08.124] [exthost] [info] ExtensionService#loadCommonJSModule file:///home/yash/.vscode-oss/extensions/aaron-bond.better-comments-2.1.0/out/extension
[2021-04-17 00:29:08.215] [exthost] [info] ExtensionService#_doActivateExtension llvm-vs-code-extensions.vscode-clangd {"startup":false,"extensionId":{"value":"llvm-vs-code-extensions.vscode-clangd","_lower":"llvm-vs-code-extensions.vscode-clangd"},"activationEvent":"onLanguage:cpp"}
[2021-04-17 00:29:08.215] [exthost] [info] ExtensionService#loadCommonJSModule file:///home/yash/.vscode-oss/extensions/llvm-vs-code-extensions.vscode-clangd-0.1.11/out/src/extension
[2021-04-17 00:29:14.083] [exthost] [info] ExtensionService#_doActivateExtension vscode.debug-auto-launch {"startup":true,"extensionId":{"value":"vscode.debug-auto-launch","_lower":"vscode.debug-auto-launch"},"activationEvent":"*"}
[2021-04-17 00:29:14.084] [exthost] [info] ExtensionService#loadCommonJSModule file:///usr/lib/code/extensions/debug-auto-launch/dist/extension
[2021-04-17 00:29:14.164] [exthost] [info] ExtensionService#_doActivateExtension vscode.git {"startup":true,"extensionId":{"value":"vscode.github","_lower":"vscode.github"},"activationEvent":"*"}
[2021-04-17 00:29:14.164] [exthost] [info] ExtensionService#loadCommonJSModule file:///usr/lib/code/extensions/git/dist/main
[2021-04-17 00:29:14.317] [exthost] [info] ExtensionService#_doActivateExtension ritwickdey.LiveServer {"startup":true,"extensionId":{"value":"ritwickdey.LiveServer","_lower":"ritwickdey.liveserver"},"activationEvent":"*"}
[2021-04-17 00:29:14.318] [exthost] [info] ExtensionService#loadCommonJSModule file:///home/yash/.vscode-oss/extensions/ritwickdey.liveserver-5.6.1/out/src/extension
[2021-04-17 00:29:25.248] [exthost] [info] extension host started
[2021-04-17 00:29:25.811] [exthost] [info] ExtensionService#_doActivateExtension vscode.debug-auto-launch {"startup":true,"extensionId":{"value":"vscode.debug-auto-launch","_lower":"vscode.debug-auto-launch"},"activationEvent":"*"}
[2021-04-17 00:29:25.811] [exthost] [info] ExtensionService#loadCommonJSModule file:///usr/lib/code/extensions/debug-auto-launch/dist/extension
[2021-04-17 00:29:25.822] [exthost] [info] ExtensionService#_doActivateExtension vscode.git {"startup":true,"extensionId":{"value":"vscode.github","_lower":"vscode.github"},"activationEvent":"*"}
[2021-04-17 00:29:25.823] [exthost] [info] ExtensionService#loadCommonJSModule file:///usr/lib/code/extensions/git/dist/main
[2021-04-17 00:29:25.865] [exthost] [info] ExtensionService#_doActivateExtension ritwickdey.LiveServer {"startup":true,"extensionId":{"value":"ritwickdey.LiveServer","_lower":"ritwickdey.liveserver"},"activationEvent":"*"}
[2021-04-17 00:29:25.865] [exthost] [info] ExtensionService#loadCommonJSModule file:///home/yash/.vscode-oss/extensions/ritwickdey.liveserver-5.6.1/out/src/extension
[2021-04-17 00:29:27.850] [exthost] [info] ExtensionService#_doActivateExtension vscodevim.vim {"startup":true,"extensionId":{"value":"vscodevim.vim","_lower":"vscodevim.vim"},"activationEvent":"*"}
[2021-04-17 00:29:27.850] [exthost] [info] ExtensionService#loadCommonJSModule file:///home/yash/.vscode-oss/extensions/vscodevim.vim-1.19.3/out/extension
[2021-04-17 00:29:28.194] [exthost] [info] ExtensionService#_doActivateExtension vscode.github {"startup":true,"extensionId":{"value":"vscode.github","_lower":"vscode.github"},"activationEvent":"*"}
[2021-04-17 00:29:28.195] [exthost] [info] ExtensionService#loadCommonJSModule file:///usr/lib/code/extensions/github/dist/extension.js
[2021-04-17 00:29:28.462] [exthost] [info] eager extensions activated
[2021-04-17 00:29:28.472] [exthost] [info] ExtensionService#_doActivateExtension ms-vscode.js-debug {"startup":false,"extensionId":{"value":"ms-vscode.js-debug","_lower":"ms-vscode.js-debug"},"activationEvent":"onCommand:extension.js-debug.clearAutoAttachVariables"}
[2021-04-17 00:29:28.472] [exthost] [info] ExtensionService#loadCommonJSModule file:///usr/lib/code/extensions/ms-vscode.js-debug/src/extension.js
[2021-04-17 00:29:29.196] [exthost] [info] ExtensionService#_doActivateExtension vscode.emmet {"startup":false,"extensionId":{"value":"vscode.emmet","_lower":"vscode.emmet"},"activationEvent":"onStartupFinished"}
[2021-04-17 00:29:29.196] [exthost] [info] ExtensionService#loadCommonJSModule file:///usr/lib/code/extensions/emmet/dist/node/emmetNodeMain
[2021-04-17 00:29:29.435] [exthost] [info] ExtensionService#_doActivateExtension vscode.merge-conflict {"startup":false,"extensionId":{"value":"vscode.merge-conflict","_lower":"vscode.merge-conflict"},"activationEvent":"onStartupFinished"}
[2021-04-17 00:29:29.436] [exthost] [info] ExtensionService#loadCommonJSModule file:///usr/lib/code/extensions/merge-conflict/dist/mergeConflictMain
[2021-04-17 00:29:29.690] [exthost] [info] ExtensionService#_doActivateExtension vscode.testing-editor-contributions {"startup":false,"extensionId":{"value":"vscode.testing-editor-contributions","_lower":"vscode.testing-editor-contributions"},"activationEvent":"onStartupFinished"}
[2021-04-17 00:29:29.690] [exthost] [info] ExtensionService#loadCommonJSModule file:///usr/lib/code/extensions/testing-editor-contributions/dist/extension.js
[2021-04-17 00:29:29.838] [exthost] [info] ExtensionService#_doActivateExtension esbenp.prettier-vscode {"startup":false,"extensionId":{"value":"esbenp.prettier-vscode","_lower":"esbenp.prettier-vscode"},"activationEvent":"onStartupFinished"}
[2021-04-17 00:29:29.838] [exthost] [info] ExtensionService#loadCommonJSModule file:///home/yash/.vscode-oss/extensions/esbenp.prettier-vscode-6.3.2/dist/extension
[2021-04-17 00:30:26.220] [exthost] [info] ExtensionService#_doActivateExtension aaron-bond.better-comments {"startup":false,"extensionId":{"value":"aaron-bond.better-comments","_lower":"aaron-bond.better-comments"},"activationEvent":"onLanguage:cpp"}
[2021-04-17 00:30:26.220] [exthost] [info] ExtensionService#loadCommonJSModule file:///home/yash/.vscode-oss/extensions/aaron-bond.better-comments-2.1.0/out/extension
[2021-04-17 00:30:26.225] [exthost] [info] ExtensionService#_doActivateExtension llvm-vs-code-extensions.vscode-clangd {"startup":false,"extensionId":{"value":"llvm-vs-code-extensions.vscode-clangd","_lower":"llvm-vs-code-extensions.vscode-clangd"},"activationEvent":"onLanguage:cpp"}
[2021-04-17 00:30:26.225] [exthost] [info] ExtensionService#loadCommonJSModule file:///home/yash/.vscode-oss/extensions/llvm-vs-code-extensions.vscode-clangd-0.1.11/out/src/extension
[2021-04-17 00:30:48.360] [exthost] [error] [llvm-vs-code-extensions.vscode-clangd] provider FAILED
[2021-04-17 00:30:48.360] [exthost] [error] {"_isCancelled":true,"_emitter":null}
[2021-04-17 00:30:48.411] [exthost] [error] [llvm-vs-code-extensions.vscode-clangd] provider FAILED
[2021-04-17 00:30:48.411] [exthost] [error] {"_isCancelled":true,"_emitter":null}
[2021-04-17 00:30:49.303] [exthost] [error] [llvm-vs-code-extensions.vscode-clangd] provider FAILED
[2021-04-17 00:30:49.303] [exthost] [error] {"_isCancelled":false,"_emitter":{"_disposed":false,"_listeners":{"_first":{},"_last":{},"_size":0}}}
[2021-04-17 00:30:49.305] [exthost] [error] [llvm-vs-code-extensions.vscode-clangd] provider FAILED
[2021-04-17 00:30:49.305] [exthost] [error] {"_isCancelled":true,"_emitter":null}
[2021-04-17 00:30:49.433] [exthost] [error] [llvm-vs-code-extensions.vscode-clangd] provider FAILED
[2021-04-17 00:30:49.433] [exthost] [error] {"_isCancelled":true,"_emitter":null}
[2021-04-17 00:30:50.097] [exthost] [error] [llvm-vs-code-extensions.vscode-clangd] provider FAILED
[2021-04-17 00:30:50.097] [exthost] [error] {"_isCancelled":true,"_emitter":null}
[2021-04-17 00:30:52.096] [exthost] [error] [llvm-vs-code-extensions.vscode-clangd] provider FAILED
[2021-04-17 00:30:52.096] [exthost] [error] {"_isCancelled":true,"_emitter":null}
[2021-04-17 00:31:03.667] [exthost] [error] [llvm-vs-code-extensions.vscode-clangd] provider FAILED
[2021-04-17 00:31:03.667] [exthost] [error] {"_isCancelled":true,"_emitter":null}
[2021-04-17 00:31:05.073] [exthost] [error] [llvm-vs-code-extensions.vscode-clangd] provider FAILED
[2021-04-17 00:31:05.073] [exthost] [error] {"_isCancelled":true,"_emitter":null}
[2021-04-17 00:31:05.241] [exthost] [error] [llvm-vs-code-extensions.vscode-clangd] provider FAILED
[2021-04-17 00:31:05.241] [exthost] [error] {"_isCancelled":true,"_emitter":null}
[2021-04-17 00:31:13.224] [exthost] [error] [llvm-vs-code-extensions.vscode-clangd] provider FAILED
[2021-04-17 00:31:13.224] [exthost] [error] {"_isCancelled":true,"_emitter":null}
[2021-04-17 00:31:13.224] [exthost] [error] [llvm-vs-code-extensions.vscode-clangd] provider FAILED
[2021-04-17 00:31:13.224] [exthost] [error] {"_isCancelled":true,"_emitter":null}
[2021-04-17 00:31:15.617] [exthost] [error] [llvm-vs-code-extensions.vscode-clangd] provider FAILED
[2021-04-17 00:31:15.617] [exthost] [error] {"_isCancelled":true,"_emitter":null}
[2021-04-17 00:31:16.953] [exthost] [error] [llvm-vs-code-extensions.vscode-clangd] provider FAILED
[2021-04-17 00:31:16.953] [exthost] [error] {"_isCancelled":true,"_emitter":null}
[2021-04-17 00:31:17.962] [exthost] [error] [llvm-vs-code-extensions.vscode-clangd] provider FAILED
[2021-04-17 00:31:17.962] [exthost] [error] {"_isCancelled":false,"_emitter":{"_disposed":false,"_listeners":{"_first":{},"_last":{},"_size":0}}}
[2021-04-17 00:31:19.456] [exthost] [error] [llvm-vs-code-extensions.vscode-clangd] provider FAILED
[2021-04-17 00:31:19.456] [exthost] [error] {"_isCancelled":true,"_emitter":null}
[2021-04-17 00:31:20.860] [exthost] [error] [llvm-vs-code-extensions.vscode-clangd] provider FAILED
[2021-04-17 00:31:20.860] [exthost] [error] {"_isCancelled":true,"_emitter":null}
[2021-04-17 00:32:07.767] [exthost] [error] [llvm-vs-code-extensions.vscode-clangd] provider FAILED
[2021-04-17 00:32:07.767] [exthost] [error] {"_isCancelled":true,"_emitter":null}
[2021-04-17 00:32:21.351] [exthost] [error] [llvm-vs-code-extensions.vscode-clangd] provider FAILED
[2021-04-17 00:32:21.351] [exthost] [error] {"_isCancelled":true,"_emitter":null}
[2021-04-17 00:32:29.669] [exthost] [error] [llvm-vs-code-extensions.vscode-clangd] provider FAILED
[2021-04-17 00:32:29.669] [exthost] [error] {"_isCancelled":true,"_emitter":null}
[2021-04-17 00:32:33.871] [exthost] [error] [llvm-vs-code-extensions.vscode-clangd] provider FAILED
[2021-04-17 00:32:33.871] [exthost] [error] {"_isCancelled":false,"_emitter":{"_disposed":false,"_listeners":{"_first":{},"_last":{},"_size":0}}}
[2021-04-17 00:32:33.871] [exthost] [error] [llvm-vs-code-extensions.vscode-clangd] provider FAILED
[2021-04-17 00:32:33.871] [exthost] [error] {"_isCancelled":true,"_emitter":null}
[2021-04-17 00:32:44.856] [exthost] [error] [llvm-vs-code-extensions.vscode-clangd] provider FAILED
[2021-04-17 00:32:44.856] [exthost] [error] {"_isCancelled":true,"_emitter":null}
[2021-04-17 00:33:06.080] [exthost] [warning] llvm-vs-code-extensions.vscode-clangd - Code actions of kind 'quickfix 'requested but returned code action is of kind 'refactor'. Code action will be dropped. Please check 'CodeActionContext.only' to only return requested code actions.
[2021-04-17 00:33:08.006] [exthost] [warning] llvm-vs-code-extensions.vscode-clangd - Code actions of kind 'quickfix 'requested but returned code action is of kind 'refactor'. Code action will be dropped. Please check 'CodeActionContext.only' to only return requested code actions.
[2021-04-17 00:33:15.785] [exthost] [warning] llvm-vs-code-extensions.vscode-clangd - Code actions of kind 'quickfix 'requested but returned code action is of kind 'refactor'. Code action will be dropped. Please check 'CodeActionContext.only' to only return requested code actions.
[2021-04-17 00:33:21.805] [exthost] [error] [llvm-vs-code-extensions.vscode-clangd] provider FAILED
[2021-04-17 00:33:21.805] [exthost] [error] {"_isCancelled":true,"_emitter":null}
[2021-04-17 00:33:22.147] [exthost] [warning] llvm-vs-code-extensions.vscode-clangd - Code actions of kind 'quickfix 'requested but returned code action is of kind 'refactor'. Code action will be dropped. Please check 'CodeActionContext.only' to only return requested code actions.
[2021-04-17 00:33:22.927] [exthost] [error] [llvm-vs-code-extensions.vscode-clangd] provider FAILED
[2021-04-17 00:33:22.927] [exthost] [error] {"_isCancelled":true,"_emitter":null}
