["INFO" - 7:12:59 PM] Extension Name: esbenp.prettier-vscode.
["INFO" - 7:13:00 PM] Extension Version: 6.3.1.
["INFO" - 3:17:56 PM] Formatting /home/yash/.config/Code - OSS/User/snippets/C++ Template.code-snippets
["INFO" - 3:17:56 PM] File Info:
{
  "ignored": false,
  "inferredParser": null
}
["WARN" - 3:17:56 PM] Parser not inferred, trying VS Code language.
["INFO" - 3:17:56 PM] No local configuration (i.e. .prettierrc or .editorconfig) detected, falling back to VS Code configuration
["INFO" - 3:17:56 PM] Prettier Options:
{
  "arrowParens": "always",
  "bracketSpacing": true,
  "endOfLine": "lf",
  "htmlWhitespaceSensitivity": "css",
  "insertPragma": false,
  "jsxBracketSameLine": false,
  "jsxSingleQuote": false,
  "printWidth": 80,
  "proseWrap": "preserve",
  "quoteProps": "as-needed",
  "requirePragma": false,
  "semi": true,
  "singleQuote": false,
  "tabWidth": 2,
  "trailingComma": "es5",
  "useTabs": false,
  "vueIndentScriptAndStyle": false,
  "filepath": "/home/yash/.config/Code - OSS/User/snippets/C++ Template.code-snippets",
  "parser": "json"
}
["INFO" - 3:17:56 PM] Formatting completed in 309.255216ms.
