Looking for git in: git
Using git 2.31.1 from git
> git rev-parse --git-dir
Open repository: /home/yash/Desktop/d/github_projects/competitive_programming
> git status -z -u
> git symbolic-ref --short HEAD
> git for-each-ref --format=%(refname)%00%(upstream:short)%00%(upstream:track)%00%(objectname) refs/heads/master refs/remotes/master
> git for-each-ref --sort -committerdate --format %(refname) %(objectname) %(*objectname)
> git remote --verbose
> git config --get commit.template
> git check-ignore -v -z --stdin
> git show --textconv :codechef/april_long_challenge/boolean_game.cpp
> git ls-files --stage -- /home/yash/Desktop/d/github_projects/competitive_programming/codechef/april_long_challenge/boolean_game.cpp
> git check-ignore -v -z --stdin
> git status -z -u
> git symbolic-ref --short HEAD
> git for-each-ref --format=%(refname)%00%(upstream:short)%00%(upstream:track)%00%(objectname) refs/heads/master refs/remotes/master
> git for-each-ref --sort -committerdate --format %(refname) %(objectname) %(*objectname)
> git remote --verbose
> git config --get commit.template
> git status -z -u
> git symbolic-ref --short HEAD
> git for-each-ref --format=%(refname)%00%(upstream:short)%00%(upstream:track)%00%(objectname) refs/heads/master refs/remotes/master
> git for-each-ref --sort -committerdate --format %(refname) %(objectname) %(*objectname)
> git remote --verbose
> git config --get commit.template
> git status -z -u
> git symbolic-ref --short HEAD
> git for-each-ref --format=%(refname)%00%(upstream:short)%00%(upstream:track)%00%(objectname) refs/heads/master refs/remotes/master
> git for-each-ref --sort -committerdate --format %(refname) %(objectname) %(*objectname)
> git remote --verbose
> git config --get commit.template
> git show --textconv :codechef/april_long_challenge/input.txt
> git ls-files --stage -- /home/yash/Desktop/d/github_projects/competitive_programming/codechef/april_long_challenge/input.txt
> git status -z -u
> git symbolic-ref --short HEAD
> git for-each-ref --format=%(refname)%00%(upstream:short)%00%(upstream:track)%00%(objectname) refs/heads/master refs/remotes/master
> git for-each-ref --sort -committerdate --format %(refname) %(objectname) %(*objectname)
> git remote --verbose
> git config --get commit.template
> git status -z -u
> git symbolic-ref --short HEAD
> git for-each-ref --format=%(refname)%00%(upstream:short)%00%(upstream:track)%00%(objectname) refs/heads/master refs/remotes/master
> git for-each-ref --sort -committerdate --format %(refname) %(objectname) %(*objectname)
> git remote --verbose
> git config --get commit.template
> git show --textconv :codechef/april_long_challenge/output.txt
> git ls-files --stage -- /home/yash/Desktop/d/github_projects/competitive_programming/codechef/april_long_challenge/output.txt
> git show --textconv :codechef/april_long_challenge/boolean_game.cpp
> git ls-files --stage -- /home/yash/Desktop/d/github_projects/competitive_programming/codechef/april_long_challenge/boolean_game.cpp
> git status -z -u
> git symbolic-ref --short HEAD
> git for-each-ref --format=%(refname)%00%(upstream:short)%00%(upstream:track)%00%(objectname) refs/heads/master refs/remotes/master
> git for-each-ref --sort -committerdate --format %(refname) %(objectname) %(*objectname)
> git remote --verbose
> git config --get commit.template
> git show --textconv :codechef/april_long_challenge/input.txt
> git ls-files --stage -- /home/yash/Desktop/d/github_projects/competitive_programming/codechef/april_long_challenge/input.txt
> git show --textconv :codechef/april_long_challenge/boolean_game.cpp
> git ls-files --stage -- /home/yash/Desktop/d/github_projects/competitive_programming/codechef/april_long_challenge/boolean_game.cpp
> git status -z -u
> git symbolic-ref --short HEAD
> git for-each-ref --format=%(refname)%00%(upstream:short)%00%(upstream:track)%00%(objectname) refs/heads/master refs/remotes/master
> git for-each-ref --sort -committerdate --format %(refname) %(objectname) %(*objectname)
> git remote --verbose
> git config --get commit.template
> git status -z -u
> git symbolic-ref --short HEAD
> git for-each-ref --format=%(refname)%00%(upstream:short)%00%(upstream:track)%00%(objectname) refs/heads/master refs/remotes/master
> git for-each-ref --sort -committerdate --format %(refname) %(objectname) %(*objectname)
> git remote --verbose
> git config --get commit.template
> git show --textconv :codechef/april_long_challenge/input.txt
> git ls-files --stage -- /home/yash/Desktop/d/github_projects/competitive_programming/codechef/april_long_challenge/input.txt
> git show --textconv :codechef/april_long_challenge/boolean_game.cpp
> git ls-files --stage -- /home/yash/Desktop/d/github_projects/competitive_programming/codechef/april_long_challenge/boolean_game.cpp
> git status -z -u
> git symbolic-ref --short HEAD
> git for-each-ref --format=%(refname)%00%(upstream:short)%00%(upstream:track)%00%(objectname) refs/heads/master refs/remotes/master
> git for-each-ref --sort -committerdate --format %(refname) %(objectname) %(*objectname)
> git remote --verbose
> git config --get commit.template
> git show --textconv :codechef/april_long_challenge/output.txt
> git ls-files --stage -- /home/yash/Desktop/d/github_projects/competitive_programming/codechef/april_long_challenge/output.txt
> git show --textconv :codechef/april_long_challenge/boolean_game.cpp
> git ls-files --stage -- /home/yash/Desktop/d/github_projects/competitive_programming/codechef/april_long_challenge/boolean_game.cpp
> git status -z -u
> git symbolic-ref --short HEAD
> git for-each-ref --format=%(refname)%00%(upstream:short)%00%(upstream:track)%00%(objectname) refs/heads/master refs/remotes/master
> git for-each-ref --sort -committerdate --format %(refname) %(objectname) %(*objectname)
> git remote --verbose
> git config --get commit.template
> git status -z -u
> git symbolic-ref --short HEAD
> git for-each-ref --format=%(refname)%00%(upstream:short)%00%(upstream:track)%00%(objectname) refs/heads/master refs/remotes/master
> git ls-files --stage -- /home/yash/Desktop/d/github_projects/competitive_programming/codechef/april_long_challenge/boolean_game.cpp
> git cat-file -s 070f8ede4de47337404e45da38e7191f477c37cc
> git show --textconv :codechef/april_long_challenge/boolean_game.cpp
> git for-each-ref --sort -committerdate --format %(refname) %(objectname) %(*objectname)
> git remote --verbose
> git config --get commit.template
> git status -z -u
> git symbolic-ref --short HEAD
> git ls-files --stage -- /home/yash/Desktop/d/github_projects/competitive_programming/codechef/april_long_challenge/boolean_game.cpp
> git for-each-ref --format=%(refname)%00%(upstream:short)%00%(upstream:track)%00%(objectname) refs/heads/master refs/remotes/master
> git cat-file -s 070f8ede4de47337404e45da38e7191f477c37cc
> git for-each-ref --sort -committerdate --format %(refname) %(objectname) %(*objectname)
> git remote --verbose
> git config --get commit.template
> git show --textconv :codechef/april_long_challenge/boolean_game.cpp
> git status -z -u
> git symbolic-ref --short HEAD
> git for-each-ref --format=%(refname)%00%(upstream:short)%00%(upstream:track)%00%(objectname) refs/heads/master refs/remotes/master
> git for-each-ref --sort -committerdate --format %(refname) %(objectname) %(*objectname)
> git remote --verbose
> git config --get commit.template
> git status -z -u
> git symbolic-ref --short HEAD
> git for-each-ref --format=%(refname)%00%(upstream:short)%00%(upstream:track)%00%(objectname) refs/heads/master refs/remotes/master
> git for-each-ref --sort -committerdate --format %(refname) %(objectname) %(*objectname)
> git remote --verbose
> git config --get commit.template
> git ls-files --stage -- /home/yash/Desktop/d/github_projects/competitive_programming/codechef/april_long_challenge/boolean_game.cpp
> git cat-file -s 070f8ede4de47337404e45da38e7191f477c37cc
> git show --textconv :codechef/april_long_challenge/boolean_game.cpp
> git status -z -u
> git symbolic-ref --short HEAD
> git for-each-ref --format=%(refname)%00%(upstream:short)%00%(upstream:track)%00%(objectname) refs/heads/master refs/remotes/master
> git for-each-ref --sort -committerdate --format %(refname) %(objectname) %(*objectname)
> git remote --verbose
> git config --get commit.template
> git show --textconv :codechef/april_long_challenge/input.txt
> git ls-files --stage -- /home/yash/Desktop/d/github_projects/competitive_programming/codechef/april_long_challenge/input.txt
> git show --textconv :codechef/april_long_challenge/boolean_game.cpp
> git ls-files --stage -- /home/yash/Desktop/d/github_projects/competitive_programming/codechef/april_long_challenge/boolean_game.cpp
> git cat-file -s 070f8ede4de47337404e45da38e7191f477c37cc
> git show --textconv :codechef/april_long_challenge/input.txt
> git ls-files --stage -- /home/yash/Desktop/d/github_projects/competitive_programming/codechef/april_long_challenge/input.txt
> git show --textconv :codechef/april_long_challenge/boolean_game.cpp
> git ls-files --stage -- /home/yash/Desktop/d/github_projects/competitive_programming/codechef/april_long_challenge/boolean_game.cpp
> git cat-file -s 070f8ede4de47337404e45da38e7191f477c37cc
> git status -z -u
> git symbolic-ref --short HEAD
> git for-each-ref --format=%(refname)%00%(upstream:short)%00%(upstream:track)%00%(objectname) refs/heads/master refs/remotes/master
> git for-each-ref --sort -committerdate --format %(refname) %(objectname) %(*objectname)
> git remote --verbose
> git config --get commit.template
> git status -z -u
> git symbolic-ref --short HEAD
> git for-each-ref --format=%(refname)%00%(upstream:short)%00%(upstream:track)%00%(objectname) refs/heads/master refs/remotes/master
> git for-each-ref --sort -committerdate --format %(refname) %(objectname) %(*objectname)
> git remote --verbose
> git config --get commit.template
> git status -z -u
> git symbolic-ref --short HEAD
> git for-each-ref --format=%(refname)%00%(upstream:short)%00%(upstream:track)%00%(objectname) refs/heads/master refs/remotes/master
> git for-each-ref --sort -committerdate --format %(refname) %(objectname) %(*objectname)
> git remote --verbose
> git config --get commit.template
> git show --textconv :codechef/april_long_challenge/output.txt
> git ls-files --stage -- /home/yash/Desktop/d/github_projects/competitive_programming/codechef/april_long_challenge/output.txt
> git show --textconv :codechef/april_long_challenge/input.txt
> git ls-files --stage -- /home/yash/Desktop/d/github_projects/competitive_programming/codechef/april_long_challenge/input.txt
> git show --textconv :codechef/april_long_challenge/boolean_game.cpp
> git ls-files --stage -- /home/yash/Desktop/d/github_projects/competitive_programming/codechef/april_long_challenge/boolean_game.cpp
> git cat-file -s 070f8ede4de47337404e45da38e7191f477c37cc
> git status -z -u
> git symbolic-ref --short HEAD
> git for-each-ref --format=%(refname)%00%(upstream:short)%00%(upstream:track)%00%(objectname) refs/heads/master refs/remotes/master
> git for-each-ref --sort -committerdate --format %(refname) %(objectname) %(*objectname)
> git remote --verbose
> git config --get commit.template
> git show --textconv :codechef/april_long_challenge/output.txt
> git ls-files --stage -- /home/yash/Desktop/d/github_projects/competitive_programming/codechef/april_long_challenge/output.txt
> git show --textconv :codechef/april_long_challenge/input.txt
> git ls-files --stage -- /home/yash/Desktop/d/github_projects/competitive_programming/codechef/april_long_challenge/input.txt
> git show --textconv :codechef/april_long_challenge/boolean_game.cpp
> git ls-files --stage -- /home/yash/Desktop/d/github_projects/competitive_programming/codechef/april_long_challenge/boolean_game.cpp
> git cat-file -s 070f8ede4de47337404e45da38e7191f477c37cc
> git show --textconv :codechef/april_long_challenge/input.txt
> git ls-files --stage -- /home/yash/Desktop/d/github_projects/competitive_programming/codechef/april_long_challenge/input.txt
> git status -z -u
> git symbolic-ref --short HEAD
> git for-each-ref --format=%(refname)%00%(upstream:short)%00%(upstream:track)%00%(objectname) refs/heads/master refs/remotes/master
> git for-each-ref --sort -committerdate --format %(refname) %(objectname) %(*objectname)
> git remote --verbose
> git config --get commit.template
> git status -z -u
> git symbolic-ref --short HEAD
> git for-each-ref --format=%(refname)%00%(upstream:short)%00%(upstream:track)%00%(objectname) refs/heads/master refs/remotes/master
> git for-each-ref --sort -committerdate --format %(refname) %(objectname) %(*objectname)
> git remote --verbose
> git config --get commit.template
